88
164
172
66
162
184
14
31
183
150
81
74
60
106
114
113
6
193
32
67
186
137
91
167
190
120
125
157
33
140
92
115
199
29
48
104
170
131
134
41
70
55
174
43
119
3
2
82
145
147
50
189
110
144
26
42
117
176
90
132
15
62
168
192
18
51
0
63
39
47
53
17
57
5
173
179
149
152
79
64
141
71
4
158
197
19
44
136
10
161
139
34
126
96
37
118
151
68
111
187
16
185
121
153
25
94
129
146
23
97
100
95
195
80
1
9
21
191
27
11
28
105
73
122
138
194
89
128
36
76
166
107
156
178
75
8
99
103
78
148
61
181
56
109
85
188
83
35
87
22
108
177
198
52
116
142
7
38
24
45
180
58
101
135
59
69
93
133
13
127
155
84
46
130
72
169
20
160
175
196
143
163
65
112
159
12
124
171
49
86
77
123
154
30
98
40
165
54
182
102
