88
164
172
162
66
184
14
31
183
150
74
81
114
60
106
113
6
193
32
67
186
91
137
167
190
120
33
157
125
140
115
199
29
170
92
48
134
41
104
70
131
55
174
43
119
3
145
2
147
82
50
189
110
144
26
117
176
42
90
132
15
192
62
168
18
0
51
63
39
53
47
17
57
179
5
149
173
152
79
64
141
158
71
197
4
19
44
136
10
161
139
34
126
118
96
37
151
68
111
187
16
185
121
153
25
94
129
146
97
23
100
95
195
80
1
191
21
9
11
105
27
28
122
73
138
194
128
89
76
36
166
107
156
178
75
99
8
78
103
148
61
181
56
109
85
188
83
35
87
22
198
108
116
142
52
177
38
7
58
45
24
101
180
135
93
127
59
69
13
155
133
84
130
72
46
169
20
160
175
196
143
163
65
159
112
12
124
171
30
49
154
86
123
77
98
165
40
54
182
102
